[0311/060759.824:INFO:CONSOLE(7)] "Uncaught TypeError: Cannot read property 'addEventListener' of null", source: about:blank (7)
[0311/060759.825:INFO:CONSOLE(3)] "Init", source: https://login.fidelity.com/ftgw/pages/widget/js/fs-widget.jquery.min.js?_=1615464479721 (3)
[0311/060759.828:INFO:CONSOLE(3)] "Attempting to get step: Init", source: https://login.fidelity.com/ftgw/pages/widget/js/fs-widget.jquery.min.js?_=1615464479721 (3)
[0311/060759.950:INFO:CONSOLE(3)] "Attempting to set step:step-init", source: https://login.fidelity.com/ftgw/pages/widget/js/fs-widget.jquery.min.js?_=1615464479721 (3)
[0311/060759.951:INFO:CONSOLE(3)] "Setting step", source: https://login.fidelity.com/ftgw/pages/widget/js/fs-widget.jquery.min.js?_=1615464479721 (3)
[0311/060759.951:INFO:CONSOLE(3)] "Does $step exist? step-init", source: https://login.fidelity.com/ftgw/pages/widget/js/fs-widget.jquery.min.js?_=1615464479721 (3)
[0311/061316.573:INFO:CONSOLE(7)] "Uncaught TypeError: Cannot read property 'addEventListener' of null", source: about:blank (7)
[0311/061316.573:INFO:CONSOLE(3)] "Init", source: https://login.fidelity.com/ftgw/pages/widget/js/fs-widget.jquery.min.js?_=1615464796444 (3)
[0311/061316.575:INFO:CONSOLE(3)] "Attempting to get step: Init", source: https://login.fidelity.com/ftgw/pages/widget/js/fs-widget.jquery.min.js?_=1615464796444 (3)
[0311/061316.648:INFO:CONSOLE(3)] "Attempting to set step:step-init", source: https://login.fidelity.com/ftgw/pages/widget/js/fs-widget.jquery.min.js?_=1615464796444 (3)
[0311/061316.648:INFO:CONSOLE(3)] "Setting step", source: https://login.fidelity.com/ftgw/pages/widget/js/fs-widget.jquery.min.js?_=1615464796444 (3)
[0311/061316.648:INFO:CONSOLE(3)] "Does $step exist? step-init", source: https://login.fidelity.com/ftgw/pages/widget/js/fs-widget.jquery.min.js?_=1615464796444 (3)
[0311/061324.432:INFO:CONSOLE(3)] "Adding data params: [object Object]", source: https://login.fidelity.com/ftgw/pages/widget/js/fs-widget.jquery.min.js?_=1615464796444 (3)
[0311/061324.433:INFO:CONSOLE(3)] "Sending form: https://login.fidelity.com/ftgw/Fas/Fidelity/RtlCust/Login/Response/dj.chf.ra?AuthRedUrl=https%3A%2F%2Fwww.fidelity.com%2Fwebcontent%2FATPConfig%2Fversion_10_6%2Fconfiguration_2_0.shtml", source: https://login.fidelity.com/ftgw/pages/widget/js/fs-widget.jquery.min.js?_=1615464796444 (3)
[0311/061324.442:INFO:CONSOLE(3)] "AJAX: /ftgw/Fas/Fidelity/RtlCust/Login/Response/dj.chf.ra", source: https://login.fidelity.com/ftgw/pages/widget/js/fs-widget.jquery.min.js?_=1615464796444 (3)
[0311/061337.929:INFO:CONSOLE(3775)] "Error when init state store: Can not find Portfolio element when initialize state store.", source: https://www.fid-inv.com/webcontent/ap110184-client-portfolio/126.8/js/main-dma-min.js (3775)
[0311/061337.929:INFO:CONSOLE(3967)] "start next gen", source: https://www.fid-inv.com/webcontent/ap110184-client-portfolio/126.8/js/main-dma-min.js (3967)
[0311/061339.379:INFO:CONSOLE(80)] "**In setupBrowserMessaging", source: https://nexus.ensighten.com/fidelity/prod/code/bab7dfcca58854923137343254339987.js?conditionId0=46239 (80)
[0311/061339.387:INFO:CONSOLE(400)] "**In setupBrowserMessaging", source: https://nexus.ensighten.com/fidelity/prod/code/bab7dfcca58854923137343254339987.js?conditionId0=46239 (400)
[0311/061339.387:INFO:CONSOLE(396)] "In checkVersion", source: https://nexus.ensighten.com/fidelity/prod/code/bab7dfcca58854923137343254339987.js?conditionId0=46239 (396)
[0311/061339.387:INFO:CONSOLE(395)] "***Navigator useragent", source: https://nexus.ensighten.com/fidelity/prod/code/bab7dfcca58854923137343254339987.js?conditionId0=46239 (395)
[0311/061339.387:INFO:CONSOLE(396)] "After assigning to ver variable from calling getSafariVersion+", source: https://nexus.ensighten.com/fidelity/prod/code/bab7dfcca58854923137343254339987.js?conditionId0=46239 (396)
[0311/061339.388:INFO:CONSOLE(396)] "-1", source: https://nexus.ensighten.com/fidelity/prod/code/bab7dfcca58854923137343254339987.js?conditionId0=46239 (396)
[0311/061339.973:WARNING:angle_platform_impl.cc(51)] rx::HLSLCompiler::compileToBinary(228): 
C:\fakepath(71,11-43): warning X3571: pow(f, e) will not work for negative f, use abs(f) or conditionally handle negative values if you expect them
C:\fakepath(94,11-43): warning X3571: pow(f, e) will not work for negative f, use abs(f) or conditionally handle negative values if you expect them

[0311/061341.344:INFO:CONSOLE(260)] "Moment Timezone 0.3.0 was already loaded with data from 2014j", source: https://www.fid-inv.com/webcontent/ap113734-client-trade/21.01.1/js/ngft-integrated-min.js (260)
[0311/061426.826:INFO:CONSOLE(82)] "Uncaught TypeError: Cannot read property 'VSFORMAT' of undefined", source: https://nexus.ensighten.com/fidelity/prod/code/bab7dfcca58854923137343254339987.js?conditionId0=46239 (82)
[0311/061438.007:INFO:CONSOLE(2)] "Positions Web Experience (PWE) static assets started loading ...", source:  (2)
[0311/061438.008:INFO:CONSOLE(28)] "Positions Web Experience (PWE) CSS styles loaded successfully", source:  (28)
[0311/061438.012:INFO:CONSOLE(56)] "Positions Web Experience (PWE) vendor libraries loaded successfully", source:  (56)
[0311/061438.012:INFO:CONSOLE(66)] "Positions Web Experience (PWE) source and vendor scripts/styles files loaded successfully", source:  (66)
[0311/061438.025:INFO:CONSOLE(62)] "Positions Web Experience (PWE) source code loaded successfully", source:  (62)
[0311/061439.720:INFO:CONSOLE(2)] "Error In track analytics TypeError: Cannot set property 'tileElemClick' of undefined", source: https://digital.fidelity.com/stgw/digital/positions/poswebex/client/posweb.f36a7bb27a719d5ed224.64b7e051cdab3a04c600.vendor.js (2)
[0311/061439.720:INFO:CONSOLE(2)] "Error In track analytics TypeError: Cannot set property 'tileElemClick' of undefined", source: https://digital.fidelity.com/stgw/digital/positions/poswebex/client/posweb.f36a7bb27a719d5ed224.64b7e051cdab3a04c600.vendor.js (2)
[0311/061439.720:INFO:CONSOLE(2)] "State dispatch occurred, %s", source: https://digital.fidelity.com/stgw/digital/positions/poswebex/client/posweb.f36a7bb27a719d5ed224.64b7e051cdab3a04c600.vendor.js (2)
